

============================== 2022-05-27 20:05:49.378144 | 6075da22-fb9f-4ed2-9aa5-b5f8a4e4c92d ==============================
20:05:49.378156 [info ] [MainThread]: Running with dbt=1.1.0
20:05:49.378422 [debug] [MainThread]: running dbt with arguments {'write_json': True, 'use_colors': True, 'printer_width': 80, 'version_check': True, 'partial_parse': True, 'static_parser': True, 'profiles_dir': '/Users/adeolaolorunfemi/.dbt', 'send_anonymous_usage_stats': True, 'event_buffer_size': 100000, 'quiet': False, 'no_print': False, 'skip_profile_setup': False, 'which': 'init', 'indirect_selection': 'eager'}
20:05:49.378518 [debug] [MainThread]: Tracking: tracking
20:05:49.425783 [debug] [MainThread]: Sending event: {'category': 'dbt', 'action': 'invocation', 'label': 'start', 'context': [<snowplow_tracker.self_describing_json.SelfDescribingJson object at 0x7f8a3a4e8910>, <snowplow_tracker.self_describing_json.SelfDescribingJson object at 0x7f8a3a4e8340>, <snowplow_tracker.self_describing_json.SelfDescribingJson object at 0x7f8a3a4e8b50>]}
20:05:49.426869 [info ] [MainThread]: Setting up your profile.


============================== 2022-05-27 20:11:46.251237 | 71f0b96c-ed72-4c70-a352-31370fee70bb ==============================
20:11:46.251249 [info ] [MainThread]: Running with dbt=1.1.0
20:11:46.251721 [debug] [MainThread]: running dbt with arguments {'write_json': True, 'use_colors': True, 'printer_width': 80, 'version_check': True, 'partial_parse': True, 'static_parser': True, 'profiles_dir': '/Users/adeolaolorunfemi/.dbt', 'send_anonymous_usage_stats': True, 'event_buffer_size': 100000, 'quiet': False, 'no_print': False, 'skip_profile_setup': False, 'which': 'init', 'indirect_selection': 'eager'}
20:11:46.251820 [debug] [MainThread]: Tracking: tracking
20:11:46.303601 [debug] [MainThread]: Sending event: {'category': 'dbt', 'action': 'invocation', 'label': 'start', 'context': [<snowplow_tracker.self_describing_json.SelfDescribingJson object at 0x7fe5c25c29b0>, <snowplow_tracker.self_describing_json.SelfDescribingJson object at 0x7fe5c25c2cb0>, <snowplow_tracker.self_describing_json.SelfDescribingJson object at 0x7fe5c25c2ad0>]}
20:11:46.304771 [info ] [MainThread]: Setting up your profile.
20:14:57.400458 [info ] [MainThread]: Profile snflake_test written to /Users/adeolaolorunfemi/.dbt/profiles.yml using target's profile_template.yml and your supplied values. Run 'dbt debug' to validate the connection.
20:14:57.418414 [debug] [MainThread]: Sending event: {'category': 'dbt', 'action': 'invocation', 'label': 'end', 'context': [<snowplow_tracker.self_describing_json.SelfDescribingJson object at 0x7fe5c258b610>, <snowplow_tracker.self_describing_json.SelfDescribingJson object at 0x7fe5c258b370>, <snowplow_tracker.self_describing_json.SelfDescribingJson object at 0x7fe5c25c0a60>]}


============================== 2022-05-27 20:15:14.457453 | ef0d24ea-e7ae-4eb4-9cbd-49f64ea0ee55 ==============================
20:15:14.457464 [info ] [MainThread]: Running with dbt=1.1.0
20:15:14.457860 [debug] [MainThread]: running dbt with arguments {'write_json': True, 'use_colors': True, 'printer_width': 80, 'version_check': True, 'partial_parse': True, 'static_parser': True, 'profiles_dir': '/Users/adeolaolorunfemi/.dbt', 'send_anonymous_usage_stats': True, 'event_buffer_size': 100000, 'quiet': False, 'no_print': False, 'config_dir': False, 'which': 'debug', 'indirect_selection': 'eager'}
20:15:14.457960 [debug] [MainThread]: Tracking: tracking
20:15:14.542250 [debug] [MainThread]: Sending event: {'category': 'dbt', 'action': 'invocation', 'label': 'start', 'context': [<snowplow_tracker.self_describing_json.SelfDescribingJson object at 0x7fe3f95029b0>, <snowplow_tracker.self_describing_json.SelfDescribingJson object at 0x7fe3f9502cb0>, <snowplow_tracker.self_describing_json.SelfDescribingJson object at 0x7fe3f9502ad0>]}
20:15:14.854690 [debug] [MainThread]: Executing "git --help"
20:15:14.896535 [debug] [MainThread]: STDOUT: "b"usage: git [--version] [--help] [-C <path>] [-c <name>=<value>]\n           [--exec-path[=<path>]] [--html-path] [--man-path] [--info-path]\n           [-p | --paginate | -P | --no-pager] [--no-replace-objects] [--bare]\n           [--git-dir=<path>] [--work-tree=<path>] [--namespace=<name>]\n           [--super-prefix=<path>] [--config-env=<name>=<envvar>]\n           <command> [<args>]\n\nThese are common Git commands used in various situations:\n\nstart a working area (see also: git help tutorial)\n   clone             Clone a repository into a new directory\n   init              Create an empty Git repository or reinitialize an existing one\n\nwork on the current change (see also: git help everyday)\n   add               Add file contents to the index\n   mv                Move or rename a file, a directory, or a symlink\n   restore           Restore working tree files\n   rm                Remove files from the working tree and from the index\n   sparse-checkout   Initialize and modify the sparse-checkout\n\nexamine the history and state (see also: git help revisions)\n   bisect            Use binary search to find the commit that introduced a bug\n   diff              Show changes between commits, commit and working tree, etc\n   grep              Print lines matching a pattern\n   log               Show commit logs\n   show              Show various types of objects\n   status            Show the working tree status\n\ngrow, mark and tweak your common history\n   branch            List, create, or delete branches\n   commit            Record changes to the repository\n   merge             Join two or more development histories together\n   rebase            Reapply commits on top of another base tip\n   reset             Reset current HEAD to the specified state\n   switch            Switch branches\n   tag               Create, list, delete or verify a tag object signed with GPG\n\ncollaborate (see also: git help workflows)\n   fetch             Download objects and refs from another repository\n   pull              Fetch from and integrate with another repository or a local branch\n   push              Update remote refs along with associated objects\n\n'git help -a' and 'git help -g' list available subcommands and some\nconcept guides. See 'git help <command>' or 'git help <concept>'\nto read about a specific subcommand or concept.\nSee 'git help git' for an overview of the system.\n""
20:15:14.897366 [debug] [MainThread]: STDERR: "b''"
20:15:15.927566 [debug] [MainThread]: Acquiring new snowflake connection "debug"
20:15:15.929661 [debug] [MainThread]: Using snowflake connection "debug"
20:15:15.929820 [debug] [MainThread]: On debug: select 1 as id
20:15:15.929943 [debug] [MainThread]: Opening a new connection, currently in state init
20:15:19.939394 [debug] [MainThread]: SQL status: SUCCESS 1 in 4.01 seconds
20:15:19.943902 [debug] [MainThread]: On debug: Close
20:15:20.605260 [debug] [MainThread]: Sending event: {'category': 'dbt', 'action': 'invocation', 'label': 'end', 'context': [<snowplow_tracker.self_describing_json.SelfDescribingJson object at 0x7fe3f9500760>, <snowplow_tracker.self_describing_json.SelfDescribingJson object at 0x7fe3f9ee10f0>, <snowplow_tracker.self_describing_json.SelfDescribingJson object at 0x7fe3f9ee0a60>]}
20:15:21.714883 [debug] [MainThread]: Connection 'debug' was properly closed.


============================== 2022-05-27 21:52:01.807099 | 2e221c7c-4c60-4da6-984c-ad201853c616 ==============================
21:52:01.807110 [info ] [MainThread]: Running with dbt=1.1.0
21:52:01.807603 [debug] [MainThread]: running dbt with arguments {'write_json': True, 'use_colors': True, 'printer_width': 80, 'version_check': True, 'partial_parse': True, 'static_parser': True, 'profiles_dir': '/Users/adeolaolorunfemi/.dbt', 'send_anonymous_usage_stats': True, 'event_buffer_size': 100000, 'quiet': False, 'no_print': False, 'config_dir': False, 'which': 'debug', 'indirect_selection': 'eager'}
21:52:01.807704 [debug] [MainThread]: Tracking: tracking
21:52:01.919377 [debug] [MainThread]: Sending event: {'category': 'dbt', 'action': 'invocation', 'label': 'start', 'context': [<snowplow_tracker.self_describing_json.SelfDescribingJson object at 0x7fb62a682980>, <snowplow_tracker.self_describing_json.SelfDescribingJson object at 0x7fb62a682c80>, <snowplow_tracker.self_describing_json.SelfDescribingJson object at 0x7fb62a682aa0>]}
21:52:02.291540 [debug] [MainThread]: Executing "git --help"
21:52:02.353068 [debug] [MainThread]: STDOUT: "b"usage: git [--version] [--help] [-C <path>] [-c <name>=<value>]\n           [--exec-path[=<path>]] [--html-path] [--man-path] [--info-path]\n           [-p | --paginate | -P | --no-pager] [--no-replace-objects] [--bare]\n           [--git-dir=<path>] [--work-tree=<path>] [--namespace=<name>]\n           [--super-prefix=<path>] [--config-env=<name>=<envvar>]\n           <command> [<args>]\n\nThese are common Git commands used in various situations:\n\nstart a working area (see also: git help tutorial)\n   clone             Clone a repository into a new directory\n   init              Create an empty Git repository or reinitialize an existing one\n\nwork on the current change (see also: git help everyday)\n   add               Add file contents to the index\n   mv                Move or rename a file, a directory, or a symlink\n   restore           Restore working tree files\n   rm                Remove files from the working tree and from the index\n   sparse-checkout   Initialize and modify the sparse-checkout\n\nexamine the history and state (see also: git help revisions)\n   bisect            Use binary search to find the commit that introduced a bug\n   diff              Show changes between commits, commit and working tree, etc\n   grep              Print lines matching a pattern\n   log               Show commit logs\n   show              Show various types of objects\n   status            Show the working tree status\n\ngrow, mark and tweak your common history\n   branch            List, create, or delete branches\n   commit            Record changes to the repository\n   merge             Join two or more development histories together\n   rebase            Reapply commits on top of another base tip\n   reset             Reset current HEAD to the specified state\n   switch            Switch branches\n   tag               Create, list, delete or verify a tag object signed with GPG\n\ncollaborate (see also: git help workflows)\n   fetch             Download objects and refs from another repository\n   pull              Fetch from and integrate with another repository or a local branch\n   push              Update remote refs along with associated objects\n\n'git help -a' and 'git help -g' list available subcommands and some\nconcept guides. See 'git help <command>' or 'git help <concept>'\nto read about a specific subcommand or concept.\nSee 'git help git' for an overview of the system.\n""
21:52:02.353884 [debug] [MainThread]: STDERR: "b''"
21:52:02.360632 [debug] [MainThread]: Acquiring new snowflake connection "debug"
21:52:02.362253 [debug] [MainThread]: Using snowflake connection "debug"
21:52:02.362390 [debug] [MainThread]: On debug: select 1 as id
21:52:02.362494 [debug] [MainThread]: Opening a new connection, currently in state init
21:52:06.238635 [debug] [MainThread]: SQL status: SUCCESS 1 in 3.88 seconds
21:52:06.241947 [debug] [MainThread]: On debug: Close
21:52:06.836180 [debug] [MainThread]: Sending event: {'category': 'dbt', 'action': 'invocation', 'label': 'end', 'context': [<snowplow_tracker.self_describing_json.SelfDescribingJson object at 0x7fb62a6806d0>, <snowplow_tracker.self_describing_json.SelfDescribingJson object at 0x7fb618529240>, <snowplow_tracker.self_describing_json.SelfDescribingJson object at 0x7fb61852b010>]}
21:52:08.294948 [debug] [MainThread]: Connection 'debug' was properly closed.
